  GameLogic.cpp
C:\Users\Owner\Documents\GitHub\2023\Gamp\2023_04_04(Gamp)\bombman\GameLogic.cpp(1,4): error C2014: 전처리기 명령은 공백 아닌 문자로 시작해야 합니다.
C:\Program Files\Microsoft Visual Studio\2022\Community\VC\Tools\MSVC\14.35.32215\include\sal.h(2361,1): error C2144: 구문 오류: int'은(는) ';' 다음에 와야 합니다.
C:\Program Files\Microsoft Visual Studio\2022\Community\VC\Tools\MSVC\14.35.32215\include\sal.h(2361,8): error C4430: 형식 지정자가 없습니다. int로 가정합니다. 참고: C++에서는 기본 int를 지원하지 않습니다.
C:\Users\Owner\Documents\GitHub\2023\Gamp\2023_04_04(Gamp)\bombman\GameLogic.cpp(22,23): error C2065: 'VERTICAL': 선언되지 않은 식별자입니다.
C:\Users\Owner\Documents\GitHub\2023\Gamp\2023_04_04(Gamp)\bombman\GameLogic.cpp(22,33): error C2065: 'HORIZON': 선언되지 않은 식별자입니다.
C:\Users\Owner\Documents\GitHub\2023\Gamp\2023_04_04(Gamp)\bombman\GameLogic.cpp(22,43): error C2061: 구문 오류: 식별자 'PPLAYER'
C:\Users\Owner\Documents\GitHub\2023\Gamp\2023_04_04(Gamp)\bombman\GameLogic.cpp(28,2): error C2065: '_pStartpos': 선언되지 않은 식별자입니다.
C:\Users\Owner\Documents\GitHub\2023\Gamp\2023_04_04(Gamp)\bombman\GameLogic.cpp(29,2): error C2065: '_pStartpos': 선언되지 않은 식별자입니다.
C:\Users\Owner\Documents\GitHub\2023\Gamp\2023_04_04(Gamp)\bombman\GameLogic.cpp(30,2): error C2065: '_pEndpos': 선언되지 않은 식별자입니다.
C:\Users\Owner\Documents\GitHub\2023\Gamp\2023_04_04(Gamp)\bombman\GameLogic.cpp(31,2): error C2065: '_pEndpos': 선언되지 않은 식별자입니다.
C:\Users\Owner\Documents\GitHub\2023\Gamp\2023_04_04(Gamp)\bombman\GameLogic.cpp(32,2): error C2065: 'PLAYER': 선언되지 않은 식별자입니다.
C:\Users\Owner\Documents\GitHub\2023\Gamp\2023_04_04(Gamp)\bombman\GameLogic.cpp(32,9): error C2146: 구문 오류: ';'이(가) 'tSetplayer' 식별자 앞에 없습니다.
C:\Users\Owner\Documents\GitHub\2023\Gamp\2023_04_04(Gamp)\bombman\GameLogic.cpp(32,9): error C2065: 'tSetplayer': 선언되지 않은 식별자입니다.
C:\Users\Owner\Documents\GitHub\2023\Gamp\2023_04_04(Gamp)\bombman\GameLogic.cpp(32,25): error C2065: '_pStartpos': 선언되지 않은 식별자입니다.
C:\Users\Owner\Documents\GitHub\2023\Gamp\2023_04_04(Gamp)\bombman\GameLogic.cpp(32,20): error C3079: 이니셜라이저 목록을 이 대입 연산자의 오른쪽 피연산자로 사용할 수 없습니다.
C:\Users\Owner\Documents\GitHub\2023\Gamp\2023_04_04(Gamp)\bombman\GameLogic.cpp(33,3): error C2065: '_pPlayer': 선언되지 않은 식별자입니다.
C:\Users\Owner\Documents\GitHub\2023\Gamp\2023_04_04(Gamp)\bombman\GameLogic.cpp(33,14): error C2065: 'tSetplayer': 선언되지 않은 식별자입니다.
C:\Users\Owner\Documents\GitHub\2023\Gamp\2023_04_04(Gamp)\bombman\GameLogic.cpp(35,2): error C2660: 'strcpy_s': 함수는 2개의 인수를 사용하지 않습니다.
C:\Program Files (x86)\Windows Kits\10\Include\10.0.22000.0\ucrt\string.h(32,30): message : 'strcpy_s' 선언을 참조하십시오.
C:\Program Files (x86)\Windows Kits\10\Include\10.0.22000.0\ucrt\string.h(124,1): message : 'errno_t strcpy_s(char (&)[_Size],const char *) throw()'일 수 있습니다.
C:\Users\Owner\Documents\GitHub\2023\Gamp\2023_04_04(Gamp)\bombman\GameLogic.cpp(35,2): message : 'errno_t strcpy_s(char (&)[_Size],const char *) throw()': 'char [0][0]'에서 'char (&)[_Size]'에 대한 템플릿 인수를 추론할 수 없습니다.
C:\Users\Owner\Documents\GitHub\2023\Gamp\2023_04_04(Gamp)\bombman\GameLogic.cpp(35,2): message : 인수 목록 '(char [0][0], const char [21])'을(를) 일치시키는 동안
C:\Users\Owner\Documents\GitHub\2023\Gamp\2023_04_04(Gamp)\bombman\GameLogic.cpp(36,2): error C2660: 'strcpy_s': 함수는 2개의 인수를 사용하지 않습니다.
C:\Program Files (x86)\Windows Kits\10\Include\10.0.22000.0\ucrt\string.h(32,30): message : 'strcpy_s' 선언을 참조하십시오.
C:\Program Files (x86)\Windows Kits\10\Include\10.0.22000.0\ucrt\string.h(124,1): message : 'errno_t strcpy_s(char (&)[_Size],const char *) throw()'일 수 있습니다.
C:\Users\Owner\Documents\GitHub\2023\Gamp\2023_04_04(Gamp)\bombman\GameLogic.cpp(36,2): message : 'errno_t strcpy_s(char (&)[_Size],const char *) throw()': 'char [0][0]'에서 'char (&)[_Size]'에 대한 템플릿 인수를 추론할 수 없습니다.
C:\Users\Owner\Documents\GitHub\2023\Gamp\2023_04_04(Gamp)\bombman\GameLogic.cpp(36,2): message : 인수 목록 '(char [0][0], const char [21])'을(를) 일치시키는 동안
C:\Users\Owner\Documents\GitHub\2023\Gamp\2023_04_04(Gamp)\bombman\GameLogic.cpp(37,2): error C2660: 'strcpy_s': 함수는 2개의 인수를 사용하지 않습니다.
C:\Program Files (x86)\Windows Kits\10\Include\10.0.22000.0\ucrt\string.h(32,30): message : 'strcpy_s' 선언을 참조하십시오.
C:\Program Files (x86)\Windows Kits\10\Include\10.0.22000.0\ucrt\string.h(124,1): message : 'errno_t strcpy_s(char (&)[_Size],const char *) throw()'일 수 있습니다.
C:\Users\Owner\Documents\GitHub\2023\Gamp\2023_04_04(Gamp)\bombman\GameLogic.cpp(37,2): message : 'errno_t strcpy_s(char (&)[_Size],const char *) throw()': 'char [0][0]'에서 'char (&)[_Size]'에 대한 템플릿 인수를 추론할 수 없습니다.
C:\Users\Owner\Documents\GitHub\2023\Gamp\2023_04_04(Gamp)\bombman\GameLogic.cpp(37,2): message : 인수 목록 '(char [0][0], const char [21])'을(를) 일치시키는 동안
C:\Users\Owner\Documents\GitHub\2023\Gamp\2023_04_04(Gamp)\bombman\GameLogic.cpp(38,2): error C2660: 'strcpy_s': 함수는 2개의 인수를 사용하지 않습니다.
C:\Program Files (x86)\Windows Kits\10\Include\10.0.22000.0\ucrt\string.h(32,30): message : 'strcpy_s' 선언을 참조하십시오.
C:\Program Files (x86)\Windows Kits\10\Include\10.0.22000.0\ucrt\string.h(124,1): message : 'errno_t strcpy_s(char (&)[_Size],const char *) throw()'일 수 있습니다.
C:\Users\Owner\Documents\GitHub\2023\Gamp\2023_04_04(Gamp)\bombman\GameLogic.cpp(38,2): message : 'errno_t strcpy_s(char (&)[_Size],const char *) throw()': 'char [0][0]'에서 'char (&)[_Size]'에 대한 템플릿 인수를 추론할 수 없습니다.
C:\Users\Owner\Documents\GitHub\2023\Gamp\2023_04_04(Gamp)\bombman\GameLogic.cpp(38,2): message : 인수 목록 '(char [0][0], const char [21])'을(를) 일치시키는 동안
C:\Users\Owner\Documents\GitHub\2023\Gamp\2023_04_04(Gamp)\bombman\GameLogic.cpp(39,2): error C2660: 'strcpy_s': 함수는 2개의 인수를 사용하지 않습니다.
C:\Program Files (x86)\Windows Kits\10\Include\10.0.22000.0\ucrt\string.h(32,30): message : 'strcpy_s' 선언을 참조하십시오.
C:\Program Files (x86)\Windows Kits\10\Include\10.0.22000.0\ucrt\string.h(124,1): message : 'errno_t strcpy_s(char (&)[_Size],const char *) throw()'일 수 있습니다.
C:\Users\Owner\Documents\GitHub\2023\Gamp\2023_04_04(Gamp)\bombman\GameLogic.cpp(39,2): message : 'errno_t strcpy_s(char (&)[_Size],const char *) throw()': 'char [0][0]'에서 'char (&)[_Size]'에 대한 템플릿 인수를 추론할 수 없습니다.
C:\Users\Owner\Documents\GitHub\2023\Gamp\2023_04_04(Gamp)\bombman\GameLogic.cpp(39,2): message : 인수 목록 '(char [0][0], const char [21])'을(를) 일치시키는 동안
C:\Users\Owner\Documents\GitHub\2023\Gamp\2023_04_04(Gamp)\bombman\GameLogic.cpp(40,2): error C2660: 'strcpy_s': 함수는 2개의 인수를 사용하지 않습니다.
C:\Program Files (x86)\Windows Kits\10\Include\10.0.22000.0\ucrt\string.h(32,30): message : 'strcpy_s' 선언을 참조하십시오.
C:\Program Files (x86)\Windows Kits\10\Include\10.0.22000.0\ucrt\string.h(124,1): message : 'errno_t strcpy_s(char (&)[_Size],const char *) throw()'일 수 있습니다.
C:\Users\Owner\Documents\GitHub\2023\Gamp\2023_04_04(Gamp)\bombman\GameLogic.cpp(40,2): message : 'errno_t strcpy_s(char (&)[_Size],const char *) throw()': 'char [0][0]'에서 'char (&)[_Size]'에 대한 템플릿 인수를 추론할 수 없습니다.
C:\Users\Owner\Documents\GitHub\2023\Gamp\2023_04_04(Gamp)\bombman\GameLogic.cpp(40,2): message : 인수 목록 '(char [0][0], const char [21])'을(를) 일치시키는 동안
C:\Users\Owner\Documents\GitHub\2023\Gamp\2023_04_04(Gamp)\bombman\GameLogic.cpp(41,2): error C2660: 'strcpy_s': 함수는 2개의 인수를 사용하지 않습니다.
C:\Program Files (x86)\Windows Kits\10\Include\10.0.22000.0\ucrt\string.h(32,30): message : 'strcpy_s' 선언을 참조하십시오.
C:\Program Files (x86)\Windows Kits\10\Include\10.0.22000.0\ucrt\string.h(124,1): message : 'errno_t strcpy_s(char (&)[_Size],const char *) throw()'일 수 있습니다.
C:\Users\Owner\Documents\GitHub\2023\Gamp\2023_04_04(Gamp)\bombman\GameLogic.cpp(41,2): message : 'errno_t strcpy_s(char (&)[_Size],const char *) throw()': 'char [0][0]'에서 'char (&)[_Size]'에 대한 템플릿 인수를 추론할 수 없습니다.
C:\Users\Owner\Documents\GitHub\2023\Gamp\2023_04_04(Gamp)\bombman\GameLogic.cpp(41,2): message : 인수 목록 '(char [0][0], const char [21])'을(를) 일치시키는 동안
C:\Users\Owner\Documents\GitHub\2023\Gamp\2023_04_04(Gamp)\bombman\GameLogic.cpp(42,2): error C2660: 'strcpy_s': 함수는 2개의 인수를 사용하지 않습니다.
C:\Program Files (x86)\Windows Kits\10\Include\10.0.22000.0\ucrt\string.h(32,30): message : 'strcpy_s' 선언을 참조하십시오.
C:\Program Files (x86)\Windows Kits\10\Include\10.0.22000.0\ucrt\string.h(124,1): message : 'errno_t strcpy_s(char (&)[_Size],const char *) throw()'일 수 있습니다.
C:\Users\Owner\Documents\GitHub\2023\Gamp\2023_04_04(Gamp)\bombman\GameLogic.cpp(42,2): message : 'errno_t strcpy_s(char (&)[_Size],const char *) throw()': 'char [0][0]'에서 'char (&)[_Size]'에 대한 템플릿 인수를 추론할 수 없습니다.
C:\Users\Owner\Documents\GitHub\2023\Gamp\2023_04_04(Gamp)\bombman\GameLogic.cpp(42,2): message : 인수 목록 '(char [0][0], const char [21])'을(를) 일치시키는 동안
C:\Users\Owner\Documents\GitHub\2023\Gamp\2023_04_04(Gamp)\bombman\GameLogic.cpp(43,2): error C2660: 'strcpy_s': 함수는 2개의 인수를 사용하지 않습니다.
C:\Program Files (x86)\Windows Kits\10\Include\10.0.22000.0\ucrt\string.h(32,30): message : 'strcpy_s' 선언을 참조하십시오.
C:\Program Files (x86)\Windows Kits\10\Include\10.0.22000.0\ucrt\string.h(124,1): message : 'errno_t strcpy_s(char (&)[_Size],const char *) throw()'일 수 있습니다.
C:\Users\Owner\Documents\GitHub\2023\Gamp\2023_04_04(Gamp)\bombman\GameLogic.cpp(43,2): message : 'errno_t strcpy_s(char (&)[_Size],const char *) throw()': 'char [0][0]'에서 'char (&)[_Size]'에 대한 템플릿 인수를 추론할 수 없습니다.
C:\Users\Owner\Documents\GitHub\2023\Gamp\2023_04_04(Gamp)\bombman\GameLogic.cpp(43,2): message : 인수 목록 '(char [0][0], const char [21])'을(를) 일치시키는 동안
C:\Users\Owner\Documents\GitHub\2023\Gamp\2023_04_04(Gamp)\bombman\GameLogic.cpp(44,2): error C2660: 'strcpy_s': 함수는 2개의 인수를 사용하지 않습니다.
C:\Program Files (x86)\Windows Kits\10\Include\10.0.22000.0\ucrt\string.h(32,30): message : 'strcpy_s' 선언을 참조하십시오.
C:\Program Files (x86)\Windows Kits\10\Include\10.0.22000.0\ucrt\string.h(124,1): message : 'errno_t strcpy_s(char (&)[_Size],const char *) throw()'일 수 있습니다.
C:\Users\Owner\Documents\GitHub\2023\Gamp\2023_04_04(Gamp)\bombman\GameLogic.cpp(44,2): message : 'errno_t strcpy_s(char (&)[_Size],const char *) throw()': 'char [0][0]'에서 'char (&)[_Size]'에 대한 템플릿 인수를 추론할 수 없습니다.
C:\Users\Owner\Documents\GitHub\2023\Gamp\2023_04_04(Gamp)\bombman\GameLogic.cpp(44,2): message : 인수 목록 '(char [0][0], const char [21])'을(를) 일치시키는 동안
C:\Users\Owner\Documents\GitHub\2023\Gamp\2023_04_04(Gamp)\bombman\GameLogic.cpp(45,2): error C2660: 'strcpy_s': 함수는 2개의 인수를 사용하지 않습니다.
C:\Program Files (x86)\Windows Kits\10\Include\10.0.22000.0\ucrt\string.h(32,30): message : 'strcpy_s' 선언을 참조하십시오.
C:\Program Files (x86)\Windows Kits\10\Include\10.0.22000.0\ucrt\string.h(124,1): message : 'errno_t strcpy_s(char (&)[_Size],const char *) throw()'일 수 있습니다.
C:\Users\Owner\Documents\GitHub\2023\Gamp\2023_04_04(Gamp)\bombman\GameLogic.cpp(45,2): message : 'errno_t strcpy_s(char (&)[_Size],const char *) throw()': 'char [0][0]'에서 'char (&)[_Size]'에 대한 템플릿 인수를 추론할 수 없습니다.
C:\Users\Owner\Documents\GitHub\2023\Gamp\2023_04_04(Gamp)\bombman\GameLogic.cpp(45,2): message : 인수 목록 '(char [0][0], const char [21])'을(를) 일치시키는 동안
C:\Users\Owner\Documents\GitHub\2023\Gamp\2023_04_04(Gamp)\bombman\GameLogic.cpp(46,2): error C2660: 'strcpy_s': 함수는 2개의 인수를 사용하지 않습니다.
C:\Program Files (x86)\Windows Kits\10\Include\10.0.22000.0\ucrt\string.h(32,30): message : 'strcpy_s' 선언을 참조하십시오.
C:\Program Files (x86)\Windows Kits\10\Include\10.0.22000.0\ucrt\string.h(124,1): message : 'errno_t strcpy_s(char (&)[_Size],const char *) throw()'일 수 있습니다.
C:\Users\Owner\Documents\GitHub\2023\Gamp\2023_04_04(Gamp)\bombman\GameLogic.cpp(46,2): message : 'errno_t strcpy_s(char (&)[_Size],const char *) throw()': 'char [0][0]'에서 'char (&)[_Size]'에 대한 템플릿 인수를 추론할 수 없습니다.
C:\Users\Owner\Documents\GitHub\2023\Gamp\2023_04_04(Gamp)\bombman\GameLogic.cpp(46,2): message : 인수 목록 '(char [0][0], const char [21])'을(를) 일치시키는 동안
C:\Users\Owner\Documents\GitHub\2023\Gamp\2023_04_04(Gamp)\bombman\GameLogic.cpp(47,2): error C2660: 'strcpy_s': 함수는 2개의 인수를 사용하지 않습니다.
C:\Program Files (x86)\Windows Kits\10\Include\10.0.22000.0\ucrt\string.h(32,30): message : 'strcpy_s' 선언을 참조하십시오.
C:\Program Files (x86)\Windows Kits\10\Include\10.0.22000.0\ucrt\string.h(124,1): message : 'errno_t strcpy_s(char (&)[_Size],const char *) throw()'일 수 있습니다.
C:\Users\Owner\Documents\GitHub\2023\Gamp\2023_04_04(Gamp)\bombman\GameLogic.cpp(47,2): message : 'errno_t strcpy_s(char (&)[_Size],const char *) throw()': 'char [0][0]'에서 'char (&)[_Size]'에 대한 템플릿 인수를 추론할 수 없습니다.
C:\Users\Owner\Documents\GitHub\2023\Gamp\2023_04_04(Gamp)\bombman\GameLogic.cpp(47,2): message : 인수 목록 '(char [0][0], const char [21])'을(를) 일치시키는 동안
C:\Users\Owner\Documents\GitHub\2023\Gamp\2023_04_04(Gamp)\bombman\GameLogic.cpp(48,2): error C2660: 'strcpy_s': 함수는 2개의 인수를 사용하지 않습니다.
C:\Program Files (x86)\Windows Kits\10\Include\10.0.22000.0\ucrt\string.h(32,30): message : 'strcpy_s' 선언을 참조하십시오.
C:\Program Files (x86)\Windows Kits\10\Include\10.0.22000.0\ucrt\string.h(124,1): message : 'errno_t strcpy_s(char (&)[_Size],const char *) throw()'일 수 있습니다.
C:\Users\Owner\Documents\GitHub\2023\Gamp\2023_04_04(Gamp)\bombman\GameLogic.cpp(48,2): message : 'errno_t strcpy_s(char (&)[_Size],const char *) throw()': 'char [0][0]'에서 'char (&)[_Size]'에 대한 템플릿 인수를 추론할 수 없습니다.
C:\Users\Owner\Documents\GitHub\2023\Gamp\2023_04_04(Gamp)\bombman\GameLogic.cpp(48,2): message : 인수 목록 '(char [0][0], const char [21])'을(를) 일치시키는 동안
C:\Users\Owner\Documents\GitHub\2023\Gamp\2023_04_04(Gamp)\bombman\GameLogic.cpp(49,2): error C2660: 'strcpy_s': 함수는 2개의 인수를 사용하지 않습니다.
C:\Program Files (x86)\Windows Kits\10\Include\10.0.22000.0\ucrt\string.h(32,30): message : 'strcpy_s' 선언을 참조하십시오.
C:\Program Files (x86)\Windows Kits\10\Include\10.0.22000.0\ucrt\string.h(124,1): message : 'errno_t strcpy_s(char (&)[_Size],const char *) throw()'일 수 있습니다.
C:\Users\Owner\Documents\GitHub\2023\Gamp\2023_04_04(Gamp)\bombman\GameLogic.cpp(49,2): message : 'errno_t strcpy_s(char (&)[_Size],const char *) throw()': 'char [0][0]'에서 'char (&)[_Size]'에 대한 템플릿 인수를 추론할 수 없습니다.
C:\Users\Owner\Documents\GitHub\2023\Gamp\2023_04_04(Gamp)\bombman\GameLogic.cpp(49,2): message : 인수 목록 '(char [0][0], const char [21])'을(를) 일치시키는 동안
C:\Users\Owner\Documents\GitHub\2023\Gamp\2023_04_04(Gamp)\bombman\GameLogic.cpp(50,2): error C2660: 'strcpy_s': 함수는 2개의 인수를 사용하지 않습니다.
C:\Program Files (x86)\Windows Kits\10\Include\10.0.22000.0\ucrt\string.h(32,30): message : 'strcpy_s' 선언을 참조하십시오.
C:\Program Files (x86)\Windows Kits\10\Include\10.0.22000.0\ucrt\string.h(124,1): message : 'errno_t strcpy_s(char (&)[_Size],const char *) throw()'일 수 있습니다.
C:\Users\Owner\Documents\GitHub\2023\Gamp\2023_04_04(Gamp)\bombman\GameLogic.cpp(50,2): message : 'errno_t strcpy_s(char (&)[_Size],const char *) throw()': 'char [0][0]'에서 'char (&)[_Size]'에 대한 템플릿 인수를 추론할 수 없습니다.
C:\Users\Owner\Documents\GitHub\2023\Gamp\2023_04_04(Gamp)\bombman\GameLogic.cpp(50,2): message : 인수 목록 '(char [0][0], const char [21])'을(를) 일치시키는 동안
C:\Users\Owner\Documents\GitHub\2023\Gamp\2023_04_04(Gamp)\bombman\GameLogic.cpp(51,2): error C2660: 'strcpy_s': 함수는 2개의 인수를 사용하지 않습니다.
C:\Program Files (x86)\Windows Kits\10\Include\10.0.22000.0\ucrt\string.h(32,30): message : 'strcpy_s' 선언을 참조하십시오.
C:\Program Files (x86)\Windows Kits\10\Include\10.0.22000.0\ucrt\string.h(124,1): message : 'errno_t strcpy_s(char (&)[_Size],const char *) throw()'일 수 있습니다.
C:\Users\Owner\Documents\GitHub\2023\Gamp\2023_04_04(Gamp)\bombman\GameLogic.cpp(51,2): message : 'errno_t strcpy_s(char (&)[_Size],const char *) throw()': 'char [0][0]'에서 'char (&)[_Size]'에 대한 템플릿 인수를 추론할 수 없습니다.
C:\Users\Owner\Documents\GitHub\2023\Gamp\2023_04_04(Gamp)\bombman\GameLogic.cpp(51,2): message : 인수 목록 '(char [0][0], const char [21])'을(를) 일치시키는 동안
C:\Users\Owner\Documents\GitHub\2023\Gamp\2023_04_04(Gamp)\bombman\GameLogic.cpp(52,2): error C2660: 'strcpy_s': 함수는 2개의 인수를 사용하지 않습니다.
C:\Program Files (x86)\Windows Kits\10\Include\10.0.22000.0\ucrt\string.h(32,30): message : 'strcpy_s' 선언을 참조하십시오.
C:\Program Files (x86)\Windows Kits\10\Include\10.0.22000.0\ucrt\string.h(124,1): message : 'errno_t strcpy_s(char (&)[_Size],const char *) throw()'일 수 있습니다.
C:\Users\Owner\Documents\GitHub\2023\Gamp\2023_04_04(Gamp)\bombman\GameLogic.cpp(52,2): message : 'errno_t strcpy_s(char (&)[_Size],const char *) throw()': 'char [0][0]'에서 'char (&)[_Size]'에 대한 템플릿 인수를 추론할 수 없습니다.
C:\Users\Owner\Documents\GitHub\2023\Gamp\2023_04_04(Gamp)\bombman\GameLogic.cpp(52,2): message : 인수 목록 '(char [0][0], const char [21])'을(를) 일치시키는 동안
C:\Users\Owner\Documents\GitHub\2023\Gamp\2023_04_04(Gamp)\bombman\GameLogic.cpp(53,2): error C2660: 'strcpy_s': 함수는 2개의 인수를 사용하지 않습니다.
C:\Program Files (x86)\Windows Kits\10\Include\10.0.22000.0\ucrt\string.h(32,30): message : 'strcpy_s' 선언을 참조하십시오.
C:\Program Files (x86)\Windows Kits\10\Include\10.0.22000.0\ucrt\string.h(124,1): message : 'errno_t strcpy_s(char (&)[_Size],const char *) throw()'일 수 있습니다.
C:\Users\Owner\Documents\GitHub\2023\Gamp\2023_04_04(Gamp)\bombman\GameLogic.cpp(53,2): message : 'errno_t strcpy_s(char (&)[_Size],const char *) throw()': 'char [0][0]'에서 'char (&)[_Size]'에 대한 템플릿 인수를 추론할 수 없습니다.
C:\Users\Owner\Documents\GitHub\2023\Gamp\2023_04_04(Gamp)\bombman\GameLogic.cpp(53,2): message : 인수 목록 '(char [0][0], const char [21])'을(를) 일치시키는 동안
C:\Users\Owner\Documents\GitHub\2023\Gamp\2023_04_04(Gamp)\bombman\GameLogic.cpp(54,2): error C2660: 'strcpy_s': 함수는 2개의 인수를 사용하지 않습니다.
C:\Program Files (x86)\Windows Kits\10\Include\10.0.22000.0\ucrt\string.h(32,30): message : 'strcpy_s' 선언을 참조하십시오.
C:\Program Files (x86)\Windows Kits\10\Include\10.0.22000.0\ucrt\string.h(124,1): message : 'errno_t strcpy_s(char (&)[_Size],const char *) throw()'일 수 있습니다.
C:\Users\Owner\Documents\GitHub\2023\Gamp\2023_04_04(Gamp)\bombman\GameLogic.cpp(54,2): message : 'errno_t strcpy_s(char (&)[_Size],const char *) throw()': 'char [0][0]'에서 'char (&)[_Size]'에 대한 템플릿 인수를 추론할 수 없습니다.
C:\Users\Owner\Documents\GitHub\2023\Gamp\2023_04_04(Gamp)\bombman\GameLogic.cpp(54,2): message : 인수 목록 '(char [0][0], const char [21])'을(를) 일치시키는 동안
C:\Users\Owner\Documents\GitHub\2023\Gamp\2023_04_04(Gamp)\bombman\GameLogic.cpp(57,25): error C2065: 'VERTICAL': 선언되지 않은 식별자입니다.
C:\Users\Owner\Documents\GitHub\2023\Gamp\2023_04_04(Gamp)\bombman\GameLogic.cpp(57,35): error C2065: 'HORIZON': 선언되지 않은 식별자입니다.
C:\Users\Owner\Documents\GitHub\2023\Gamp\2023_04_04(Gamp)\bombman\GameLogic.cpp(57,45): error C2061: 구문 오류: 식별자 'PPLAYER'
C:\Users\Owner\Documents\GitHub\2023\Gamp\2023_04_04(Gamp)\bombman\GameLogic.cpp(61,5): error C2065: '_pPlayer': 선언되지 않은 식별자입니다.
C:\Users\Owner\Documents\GitHub\2023\Gamp\2023_04_04(Gamp)\bombman\GameLogic.cpp(63,5): error C2065: '_pPlayer': 선언되지 않은 식별자입니다.
C:\Users\Owner\Documents\GitHub\2023\Gamp\2023_04_04(Gamp)\bombman\GameLogic.cpp(65,5): error C2065: '_pPlayer': 선언되지 않은 식별자입니다.
C:\Users\Owner\Documents\GitHub\2023\Gamp\2023_04_04(Gamp)\bombman\GameLogic.cpp(67,5): error C2065: '_pPlayer': 선언되지 않은 식별자입니다.
C:\Users\Owner\Documents\GitHub\2023\Gamp\2023_04_04(Gamp)\bombman\GameLogic.cpp(71,25): error C2065: 'VERTICAL': 선언되지 않은 식별자입니다.
C:\Users\Owner\Documents\GitHub\2023\Gamp\2023_04_04(Gamp)\bombman\GameLogic.cpp(71,35): error C2065: 'HORIZON': 선언되지 않은 식별자입니다.
C:\Users\Owner\Documents\GitHub\2023\Gamp\2023_04_04(Gamp)\bombman\GameLogic.cpp(71,45): error C2061: 구문 오류: 식별자 'PPLAYER'
C:\Users\Owner\Documents\GitHub\2023\Gamp\2023_04_04(Gamp)\bombman\GameLogic.cpp(73,22): error C2065: 'VERTICAL': 선언되지 않은 식별자입니다.
C:\Users\Owner\Documents\GitHub\2023\Gamp\2023_04_04(Gamp)\bombman\GameLogic.cpp(75,23): error C2065: 'HORIZON': 선언되지 않은 식별자입니다.
C:\Users\Owner\Documents\GitHub\2023\Gamp\2023_04_04(Gamp)\bombman\GameLogic.cpp(77,8): error C2065: '_pPlayer': 선언되지 않은 식별자입니다.
C:\Users\Owner\Documents\GitHub\2023\Gamp\2023_04_04(Gamp)\bombman\GameLogic.cpp(77,33): error C2065: '_pPlayer': 선언되지 않은 식별자입니다.
C:\Users\Owner\Documents\GitHub\2023\Gamp\2023_04_04(Gamp)\bombman\GameLogic.cpp(90,1): error C2036: 'char [0][0]': 알 수 없는 크기입니다.
